<?xml version="1.0" encoding="UTF-8"?>
<!-- Generated by org.testng.reporters.JUnitXMLReporter -->
<testsuite hostname="Siddhis-MBP.attlocal.net" name="Validating title in the Page" tests="1" failures="1" timestamp="21 May 2020 20:12:54 GMT" time="4.683" errors="0">
  <testcase name="validateAppTitle" time="0.027" classname="Academy.validateTitle">
    <failure type="java.lang.AssertionError" message="expected [FEATURED CO123URSES] but found [FEATURED COURSES]">
      <![CDATA[java.lang.AssertionError: expected [FEATURED CO123URSES] but found [FEATURED COURSES]
	at Academy.validateTitle.validateAppTitle(validateTitle.java:43)
... Removed 29 stack frames]]>
    </failure>
  </testcase> <!-- validateAppTitle -->
</testsuite> <!-- Validating title in the Page -->
